
  .   ____          _            __ _ _
 /\\ / ___'_ __ _ _(_)_ __  __ _ \ \ \ \
( ( )\___ | '_ | '_| | '_ \/ _` | \ \ \ \
 \\/  ___)| |_)| | | | | || (_| |  ) ) ) )
  '  |____| .__|_| |_|_| |_\__, | / / / /
 =========|_|==============|___/=/_/_/_/
 :: Spring Boot ::                (v3.2.4)

2024-05-07T18:33:21.275+05:30  INFO 46570 --- [posts-service] [           main] c.s.s.SocialMediaPostServicesApplication : Starting SocialMediaPostServicesApplication v0.0.1-SNAPSHOT using Java 17.0.9 with PID 46570 (/Users/achindas/Documents/Programming/social-media-post-services/target/socialmediapost-web-services-0.0.1-SNAPSHOT.jar started by achindas in /Users/achindas/Documents/Programming/social-media-post-services)
2024-05-07T18:33:21.286+05:30  INFO 46570 --- [posts-service] [           main] c.s.s.SocialMediaPostServicesApplication : No active profile set, falling back to 1 default profile: "default"
2024-05-07T18:33:25.890+05:30  INFO 46570 --- [posts-service] [           main] .s.d.r.c.RepositoryConfigurationDelegate : Bootstrapping Spring Data JPA repositories in DEFAULT mode.
2024-05-07T18:33:26.000+05:30  INFO 46570 --- [posts-service] [           main] .s.d.r.c.RepositoryConfigurationDelegate : Finished Spring Data repository scanning in 98 ms. Found 2 JPA repository interfaces.
2024-05-07T18:33:26.837+05:30  INFO 46570 --- [posts-service] [           main] o.s.cloud.context.scope.GenericScope     : BeanFactory id=f4bb6e0f-acf1-3ffd-84b1-15f22ffa01ed
2024-05-07T18:33:28.109+05:30  INFO 46570 --- [posts-service] [           main] o.s.b.w.embedded.tomcat.TomcatWebServer  : Tomcat initialized with port 8080 (http)
2024-05-07T18:33:28.126+05:30  INFO 46570 --- [posts-service] [           main] o.apache.catalina.core.StandardService   : Starting service [Tomcat]
2024-05-07T18:33:28.126+05:30  INFO 46570 --- [posts-service] [           main] o.apache.catalina.core.StandardEngine    : Starting Servlet engine: [Apache Tomcat/10.1.19]
2024-05-07T18:33:28.205+05:30  INFO 46570 --- [posts-service] [           main] o.a.c.c.C.[Tomcat].[localhost].[/]       : Initializing Spring embedded WebApplicationContext
2024-05-07T18:33:28.208+05:30  INFO 46570 --- [posts-service] [           main] w.s.c.ServletWebServerApplicationContext : Root WebApplicationContext: initialization completed in 6513 ms
2024-05-07T18:33:28.578+05:30  INFO 46570 --- [posts-service] [           main] com.zaxxer.hikari.HikariDataSource       : HikariPool-1 - Starting...
2024-05-07T18:33:29.239+05:30  INFO 46570 --- [posts-service] [           main] com.zaxxer.hikari.pool.HikariPool        : HikariPool-1 - Added connection conn0: url=jdbc:h2:mem:testdb user=SA
2024-05-07T18:33:29.243+05:30  INFO 46570 --- [posts-service] [           main] com.zaxxer.hikari.HikariDataSource       : HikariPool-1 - Start completed.
2024-05-07T18:33:29.274+05:30  INFO 46570 --- [posts-service] [           main] o.s.b.a.h2.H2ConsoleAutoConfiguration    : H2 console available at '/h2-console'. Database available at 'jdbc:h2:mem:testdb'
2024-05-07T18:33:29.793+05:30  INFO 46570 --- [posts-service] [           main] o.hibernate.jpa.internal.util.LogHelper  : HHH000204: Processing PersistenceUnitInfo [name: default]
2024-05-07T18:33:29.875+05:30  INFO 46570 --- [posts-service] [           main] org.hibernate.Version                    : HHH000412: Hibernate ORM core version 6.4.4.Final
2024-05-07T18:33:29.923+05:30  INFO 46570 --- [posts-service] [           main] o.h.c.internal.RegionFactoryInitiator    : HHH000026: Second-level cache disabled
2024-05-07T18:33:30.197+05:30  INFO 46570 --- [posts-service] [           main] o.s.o.j.p.SpringPersistenceUnitInfo      : No LoadTimeWeaver setup: ignoring JPA class transformer
2024-05-07T18:33:31.623+05:30  INFO 46570 --- [posts-service] [           main] o.h.e.t.j.p.i.JtaPlatformInitiator       : HHH000489: No JTA platform available (set 'hibernate.transaction.jta.platform' to enable JTA platform integration)
Hibernate: drop table if exists post cascade 
Hibernate: drop table if exists user_details cascade 
Hibernate: drop sequence if exists post_seq
Hibernate: drop sequence if exists user_details_seq
Hibernate: create sequence post_seq start with 1 increment by 50
Hibernate: create sequence user_details_seq start with 1 increment by 50
Hibernate: create table post (id integer not null, user_id integer, description varchar(255), primary key (id))
Hibernate: create table user_details (birth_date date, id integer not null, name varchar(255), primary key (id))
Hibernate: alter table if exists post add constraint FKa3biitl48c71riii9uyelpdhb foreign key (user_id) references user_details
2024-05-07T18:33:31.706+05:30  INFO 46570 --- [posts-service] [           main] j.LocalContainerEntityManagerFactoryBean : Initialized JPA EntityManagerFactory for persistence unit 'default'
2024-05-07T18:33:33.193+05:30  WARN 46570 --- [posts-service] [           main] JpaBaseConfiguration$JpaWebConfiguration : spring.jpa.open-in-view is enabled by default. Therefore, database queries may be performed during view rendering. Explicitly configure spring.jpa.open-in-view to disable this warning
2024-05-07T18:33:36.222+05:30  INFO 46570 --- [posts-service] [           main] o.s.b.a.e.web.EndpointLinksResolver      : Exposing 15 endpoint(s) beneath base path '/actuator'
2024-05-07T18:33:36.390+05:30  INFO 46570 --- [posts-service] [           main] o.s.b.w.embedded.tomcat.TomcatWebServer  : Tomcat started on port 8080 (http) with context path ''
2024-05-07T18:33:36.519+05:30  INFO 46570 --- [posts-service] [           main] c.s.s.SocialMediaPostServicesApplication : Started SocialMediaPostServicesApplication in 16.586 seconds (process running for 18.026)
2024-05-07T18:36:10.327+05:30  INFO 46570 --- [posts-service] [nio-8080-exec-1] o.a.c.c.C.[Tomcat].[localhost].[/]       : Initializing Spring DispatcherServlet 'dispatcherServlet'
2024-05-07T18:36:10.328+05:30  INFO 46570 --- [posts-service] [nio-8080-exec-1] o.s.web.servlet.DispatcherServlet        : Initializing Servlet 'dispatcherServlet'
2024-05-07T18:36:10.341+05:30  INFO 46570 --- [posts-service] [nio-8080-exec-1] o.s.web.servlet.DispatcherServlet        : Completed initialization in 13 ms
Hibernate: select u1_0.id,u1_0.birth_date,u1_0.name from user_details u1_0
Hibernate: select u1_0.id,u1_0.birth_date,u1_0.name from user_details u1_0 where u1_0.id=?
Hibernate: select p1_0.user_id,p1_0.id,p1_0.description from post p1_0 where p1_0.user_id=?
Hibernate: select u1_0.id,u1_0.birth_date,u1_0.name from user_details u1_0
Hibernate: select u1_0.id,u1_0.birth_date,u1_0.name from user_details u1_0 where u1_0.id=?
Hibernate: select p1_0.user_id,p1_0.id,p1_0.description from post p1_0 where p1_0.user_id=?
Hibernate: select next value for user_details_seq
Hibernate: insert into user_details (birth_date,name,id) values (?,?,?)
Hibernate: select u1_0.id,u1_0.birth_date,u1_0.name from user_details u1_0
Hibernate: select u1_0.id,u1_0.birth_date,u1_0.name from user_details u1_0 where u1_0.id=?
Hibernate: delete from user_details where id=?
Hibernate: select u1_0.id,u1_0.birth_date,u1_0.name from user_details u1_0
Hibernate: select u1_0.id,u1_0.birth_date,u1_0.name from user_details u1_0 where u1_0.id=?
Hibernate: select next value for post_seq
Hibernate: insert into post (description,user_id,id) values (?,?,?)
Hibernate: select u1_0.id,u1_0.birth_date,u1_0.name from user_details u1_0 where u1_0.id=?
Hibernate: select p1_0.user_id,p1_0.id,p1_0.description from post p1_0 where p1_0.user_id=?
Hibernate: select u1_0.id,u1_0.birth_date,u1_0.name from user_details u1_0 where u1_0.id=?
Hibernate: select next value for post_seq
Hibernate: insert into post (description,user_id,id) values (?,?,?)
Hibernate: select u1_0.id,u1_0.birth_date,u1_0.name from user_details u1_0 where u1_0.id=?
Hibernate: select p1_0.user_id,p1_0.id,p1_0.description from post p1_0 where p1_0.user_id=?
Hibernate: select u1_0.id,u1_0.birth_date,u1_0.name from user_details u1_0 where u1_0.id=?
Hibernate: select p1_0.user_id,p1_0.id,p1_0.description from post p1_0 where p1_0.user_id=?
Hibernate: select u1_0.id,u1_0.birth_date,u1_0.name from user_details u1_0
Hibernate: select u1_0.id,u1_0.birth_date,u1_0.name from user_details u1_0 where u1_0.id=?
Hibernate: select p1_0.user_id,p1_0.id,p1_0.description from post p1_0 where p1_0.user_id=?
Hibernate: select u1_0.id,u1_0.birth_date,u1_0.name from user_details u1_0
